0 info it worked if it ends with ok
1 verbose cli [ '/Users/gabriel/.nvm/versions/node/v4.2.1/bin/node',
1 verbose cli   '/Users/gabriel/.nvm/versions/node/v4.2.1/bin/npm',
1 verbose cli   'run',
1 verbose cli   'start' ]
2 info using npm@3.8.9
3 info using node@v4.2.1
4 verbose run-script [ 'prestart', 'start', 'poststart' ]
5 info lifecycle @~prestart: @
6 silly lifecycle @~prestart: no script for prestart, continuing
7 info lifecycle @~start: @
8 verbose lifecycle @~start: unsafe-perm in lifecycle true
9 verbose lifecycle @~start: PATH: /Users/gabriel/.nvm/versions/node/v4.2.1/lib/node_modules/npm/bin/node-gyp-bin:/Users/gabriel/projects/cms-templates/cloudpen-template-basic/node_modules/.bin:/Users/gabriel/.nvm/versions/node/v4.2.1/bin:/Users/gabriel/.nvm/versions/node/v4.2.1/bin:/usr/bin:/bin:/usr/sbin:/sbin:/usr/local/bin
10 verbose lifecycle @~start: CWD: /Users/gabriel/projects/cms-templates/cloudpen-template-basic
11 silly lifecycle @~start: Args: [ '-c',
11 silly lifecycle   '/Applications/Google\\ Chrome.app/Contents/MacOS/Google\\ Chrome http://app-57529b13a7907de90572ed47.cloudpen.io?env=dev && nodemon -e js,html,css --ignore .git --exec \'git pull && git add . && git commit -am "Editing template locally" && git config credential.helper store && git push -u origin master&& curl http://app-57529b13a7907de90572ed47.cloudpen.io/render/events/git-pull && livereload /Users/gabriel/projects/cms-templates/cloudpen-template-basic && git status\'' ]
12 silly lifecycle @~start: Returned: code: 1  signal: null
13 info lifecycle @~start: Failed to exec start script
14 verbose stack Error: @ start: `/Applications/Google\ Chrome.app/Contents/MacOS/Google\ Chrome http://app-57529b13a7907de90572ed47.cloudpen.io?env=dev && nodemon -e js,html,css --ignore .git --exec 'git pull && git add . && git commit -am "Editing template locally" && git config credential.helper store && git push -u origin master&& curl http://app-57529b13a7907de90572ed47.cloudpen.io/render/events/git-pull && livereload /Users/gabriel/projects/cms-templates/cloudpen-template-basic && git status'`
14 verbose stack Exit status 1
14 verbose stack     at EventEmitter.<anonymous> (/Users/gabriel/.nvm/versions/node/v4.2.1/lib/node_modules/npm/lib/utils/lifecycle.js:245:16)
14 verbose stack     at emitTwo (events.js:87:13)
14 verbose stack     at EventEmitter.emit (events.js:172:7)
14 verbose stack     at ChildProcess.<anonymous> (/Users/gabriel/.nvm/versions/node/v4.2.1/lib/node_modules/npm/lib/utils/spawn.js:24:14)
14 verbose stack     at emitTwo (events.js:87:13)
14 verbose stack     at ChildProcess.emit (events.js:172:7)
14 verbose stack     at maybeClose (internal/child_process.js:818:16)
14 verbose stack     at Process.ChildProcess._handle.onexit (internal/child_process.js:211:5)
15 verbose pkgid @
16 verbose cwd /Users/gabriel/projects/cms-templates/cloudpen-template-basic
17 error Darwin 13.4.0
18 error argv "/Users/gabriel/.nvm/versions/node/v4.2.1/bin/node" "/Users/gabriel/.nvm/versions/node/v4.2.1/bin/npm" "run" "start"
19 error node v4.2.1
20 error npm  v3.8.9
21 error code ELIFECYCLE
22 error @ start: `/Applications/Google\ Chrome.app/Contents/MacOS/Google\ Chrome http://app-57529b13a7907de90572ed47.cloudpen.io?env=dev && nodemon -e js,html,css --ignore .git --exec 'git pull && git add . && git commit -am "Editing template locally" && git config credential.helper store && git push -u origin master&& curl http://app-57529b13a7907de90572ed47.cloudpen.io/render/events/git-pull && livereload /Users/gabriel/projects/cms-templates/cloudpen-template-basic && git status'`
22 error Exit status 1
23 error Failed at the @ start script '/Applications/Google\ Chrome.app/Contents/MacOS/Google\ Chrome http://app-57529b13a7907de90572ed47.cloudpen.io?env=dev && nodemon -e js,html,css --ignore .git --exec 'git pull && git add . && git commit -am "Editing template locally" && git config credential.helper store && git push -u origin master&& curl http://app-57529b13a7907de90572ed47.cloudpen.io/render/events/git-pull && livereload /Users/gabriel/projects/cms-templates/cloudpen-template-basic && git status''.
23 error Make sure you have the latest version of node.js and npm installed.
23 error If you do, this is most likely a problem with the  package,
23 error not with npm itself.
23 error Tell the author that this fails on your system:
23 error     /Applications/Google\ Chrome.app/Contents/MacOS/Google\ Chrome http://app-57529b13a7907de90572ed47.cloudpen.io?env=dev && nodemon -e js,html,css --ignore .git --exec 'git pull && git add . && git commit -am "Editing template locally" && git config credential.helper store && git push -u origin master&& curl http://app-57529b13a7907de90572ed47.cloudpen.io/render/events/git-pull && livereload /Users/gabriel/projects/cms-templates/cloudpen-template-basic && git status'
23 error You can get information on how to open an issue for this project with:
23 error     npm bugs
23 error Or if that isn't available, you can get their info via:
23 error     npm owner ls
23 error There is likely additional logging output above.
24 verbose exit [ 1, true ]
